<?xml version="1.0" encoding="UTF-8"?>
<testng-results ignored="0" total="1" passed="1" failed="0" skipped="0">
  <reporter-output>
  </reporter-output>
  <suite started-at="2024-12-06T06:24:52 WIB" name="Surefire suite" finished-at="2024-12-06T06:25:14 WIB" duration-ms="21779">
    <groups>
    </groups>
    <test started-at="2024-12-06T06:24:52 WIB" name="Surefire test" finished-at="2024-12-06T06:25:14 WIB" duration-ms="21779">
      <class name="tests.BusTicketOnlineTest">
        <test-method is-config="true" signature="setup()[pri:0, instance:tests.BusTicketOnlineTest@4f9a3314]" started-at="2024-12-06T06:24:52 WIB" name="setup" finished-at="2024-12-06T06:25:13 WIB" duration-ms="21454" status="PASS">
          <reporter-output>
          </reporter-output>
        </test-method> <!-- setup -->
        <test-method signature="testBookingSearch()[pri:0, instance:tests.BusTicketOnlineTest@4f9a3314]" started-at="2024-12-06T06:25:13 WIB" name="testBookingSearch" finished-at="2024-12-06T06:25:14 WIB" duration-ms="198" status="PASS">
          <reporter-output>
          </reporter-output>
        </test-method> <!-- testBookingSearch -->
        <test-method is-config="true" signature="tearDown()[pri:0, instance:tests.BusTicketOnlineTest@4f9a3314]" started-at="2024-12-06T06:25:14 WIB" name="tearDown" finished-at="2024-12-06T06:25:14 WIB" duration-ms="112" status="PASS">
          <reporter-output>
          </reporter-output>
        </test-method> <!-- tearDown -->
      </class> <!-- tests.BusTicketOnlineTest -->
    </test> <!-- Surefire test -->
  </suite> <!-- Surefire suite -->
</testng-results>
